<?xml version="1.0" encoding="UTF-8"?>
<!-- Generated by org.testng.reporters.JUnitReportReporter -->
<testsuite hostname="MOHAMEDs-MacBook-Pro.local" failures="0" tests="1" name="testCases.Login_Test" time="4.779" errors="0" timestamp="2022-03-02T20:42:40 EET" skipped="0">
  <testcase classname="testCases.Login_Test" name="user_Login" time="4.779"/>
  <system-out/>
</testsuite> <!-- testCases.Login_Test -->
